{
  "RSpec": {
    "coverage": {
      "C:/Users/JOAQUIN/Desktop/Uni/Proyecto Survival Wisdom/Survival-Wisdom/proyecto/server.rb": {
        "lines": [
          null,
          null,
          1,
          1,
          1,
          null,
          1,
          null,
          1,
          1,
          null,
          1,
          1,
          1,
          1,
          1,
          1,
          1,
          1,
          1,
          null,
          null,
          1,
          1,
          224,
          null,
          null,
          null,
          null,
          1,
          1,
          null,
          1,
          null,
          1,
          null,
          1,
          1,
          null,
          null,
          1,
          10,
          null,
          null,
          1,
          6,
          4,
          null,
          2,
          null,
          null,
          null,
          1,
          2,
          null,
          null,
          null,
          1,
          10,
          10,
          null,
          null,
          null,
          1,
          10,
          null,
          null,
          null,
          1,
          2,
          null,
          null,
          1,
          2,
          null,
          null,
          1,
          2,
          null,
          null,
          1,
          2,
          null,
          null,
          1,
          2,
          null,
          null,
          1,
          2,
          2,
          null,
          2,
          2,
          null,
          2,
          2,
          null,
          2,
          null,
          2,
          2,
          null,
          2,
          null,
          2,
          null,
          null,
          null,
          2,
          2,
          2,
          2,
          null,
          null,
          2,
          2,
          2,
          2,
          null,
          2,
          2,
          null,
          2,
          null,
          2,
          null,
          null,
          1,
          2,
          null,
          null
        ]
      },
      "C:/Users/JOAQUIN/Desktop/Uni/Proyecto Survival Wisdom/Survival-Wisdom/proyecto/models/user.rb": {
        "lines": [
          null,
          null,
          null,
          1,
          null,
          1,
          1,
          1,
          1,
          null,
          null,
          1,
          1,
          null,
          1,
          88,
          88,
          null,
          86,
          null,
          null,
          1,
          2,
          null,
          null
        ]
      },
      "C:/Users/JOAQUIN/Desktop/Uni/Proyecto Survival Wisdom/Survival-Wisdom/proyecto/models/question.rb": {
        "lines": [
          null,
          null,
          null,
          1,
          1,
          1,
          1,
          null
        ]
      },
      "C:/Users/JOAQUIN/Desktop/Uni/Proyecto Survival Wisdom/Survival-Wisdom/proyecto/models/option.rb": {
        "lines": [
          null,
          null,
          null,
          1,
          1,
          1,
          1,
          null
        ]
      },
      "C:/Users/JOAQUIN/Desktop/Uni/Proyecto Survival Wisdom/Survival-Wisdom/proyecto/models/skill.rb": {
        "lines": [
          null,
          null,
          null,
          1,
          1,
          1,
          null
        ]
      },
      "C:/Users/JOAQUIN/Desktop/Uni/Proyecto Survival Wisdom/Survival-Wisdom/proyecto/models/guide.rb": {
        "lines": [
          null,
          null,
          null,
          1,
          1,
          null
        ]
      },
      "C:/Users/JOAQUIN/Desktop/Uni/Proyecto Survival Wisdom/Survival-Wisdom/proyecto/models/bar.rb": {
        "lines": [
          null,
          null,
          null,
          1,
          1,
          1,
          null
        ]
      },
      "C:/Users/JOAQUIN/Desktop/Uni/Proyecto Survival Wisdom/Survival-Wisdom/proyecto/models/stat.rb": {
        "lines": [
          null,
          null,
          null,
          1,
          1,
          1,
          null
        ]
      },
      "C:/Users/JOAQUIN/Desktop/Uni/Proyecto Survival Wisdom/Survival-Wisdom/proyecto/authentication_controller.rb": {
        "lines": [
          null,
          null,
          1,
          1,
          1,
          1,
          1,
          null,
          null,
          null,
          1,
          1,
          0,
          null,
          null,
          null,
          null,
          1,
          1,
          null,
          1,
          null,
          1,
          252,
          null,
          null,
          1,
          8,
          null,
          null,
          null,
          1,
          84,
          84,
          null,
          84,
          null,
          84,
          80,
          80,
          null,
          null,
          4,
          null,
          null,
          null,
          1,
          2,
          null,
          null,
          null,
          1,
          4,
          4,
          4,
          null,
          4,
          null,
          4,
          null,
          null,
          2,
          null,
          null,
          null,
          null,
          2,
          2,
          2,
          2,
          2,
          2,
          2,
          2,
          null,
          2,
          2,
          2,
          2,
          2,
          2,
          null,
          null,
          null,
          null,
          null,
          1,
          2,
          2,
          null,
          null,
          1,
          2,
          2,
          null,
          2,
          null,
          2,
          null,
          2,
          null,
          null,
          1,
          4,
          4,
          4,
          null,
          4,
          4,
          null,
          4,
          null,
          4,
          null,
          0,
          null,
          null,
          null
        ]
      },
      "C:/Users/JOAQUIN/Desktop/Uni/Proyecto Survival Wisdom/Survival-Wisdom/proyecto/game_controller.rb": {
        "lines": [
          null,
          null,
          1,
          1,
          1,
          1,
          1,
          1,
          1,
          1,
          1,
          null,
          null,
          1,
          1,
          0,
          null,
          null,
          null,
          null,
          1,
          1,
          18,
          18,
          18,
          18,
          null,
          null,
          1,
          2,
          2,
          2,
          2,
          2,
          2,
          null,
          null,
          1,
          2,
          2,
          2,
          2,
          2,
          null,
          null,
          1,
          10,
          10,
          10,
          2,
          null,
          8,
          null,
          10,
          null,
          null,
          1,
          10,
          10,
          null,
          10,
          40,
          null,
          null,
          null,
          null,
          null,
          1,
          1,
          null,
          1,
          null,
          null,
          1,
          null,
          null,
          20,
          20,
          20,
          null,
          20,
          20,
          72,
          72,
          72,
          72,
          null,
          null,
          null,
          null,
          20,
          null,
          18,
          18,
          null,
          null,
          1,
          6,
          null,
          2,
          2,
          null,
          null,
          4,
          null,
          6,
          6,
          6,
          6,
          null,
          null,
          null,
          null,
          1,
          10,
          10,
          10,
          null,
          10,
          2,
          2,
          2,
          2,
          2,
          2,
          null,
          2,
          null,
          8,
          8,
          8,
          null,
          null,
          1,
          14,
          14,
          null,
          14,
          null,
          6,
          null,
          4,
          null,
          4,
          null,
          2,
          2,
          null,
          null,
          2,
          null,
          null,
          4,
          null,
          null,
          2,
          null,
          null,
          null,
          null,
          4,
          2,
          null,
          null,
          2,
          null,
          null,
          null,
          null,
          4,
          2,
          2,
          null,
          null,
          2,
          null,
          null,
          10,
          null,
          null,
          null,
          1,
          2,
          2,
          null,
          null,
          null,
          1,
          null,
          null,
          2,
          2,
          null,
          null,
          null,
          1,
          2,
          null,
          null
        ]
      },
      "C:/Users/JOAQUIN/Desktop/Uni/Proyecto Survival Wisdom/Survival-Wisdom/proyecto/spec/account_spec.rb": {
        "lines": [
          null,
          null,
          null,
          1,
          1,
          1,
          1,
          null,
          1,
          1,
          1,
          null,
          null,
          1,
          1,
          1,
          1,
          1,
          1,
          null,
          null,
          null,
          1,
          1,
          1,
          1,
          null,
          1,
          1,
          null,
          null,
          1,
          1,
          1,
          null,
          1,
          null,
          null,
          null,
          null,
          null
        ]
      },
      "C:/Users/JOAQUIN/Desktop/Uni/Proyecto Survival Wisdom/Survival-Wisdom/proyecto/spec/admin_spec.rb": {
        "lines": [
          null,
          null,
          1,
          1,
          1,
          1,
          1,
          null,
          null,
          1,
          1,
          1,
          1,
          null,
          null,
          1,
          1,
          1,
          1,
          1,
          1,
          1,
          1,
          null,
          1,
          1,
          1,
          1,
          null,
          1,
          1,
          1,
          1,
          null,
          null,
          null,
          null
        ]
      },
      "C:/Users/JOAQUIN/Desktop/Uni/Proyecto Survival Wisdom/Survival-Wisdom/proyecto/spec/auth_spec.rb": {
        "lines": [
          null,
          null,
          1,
          1,
          1,
          1,
          null,
          1,
          null,
          1,
          1,
          1,
          1,
          1,
          1,
          null,
          1,
          1,
          1,
          1,
          1,
          null,
          null,
          1,
          1,
          1,
          1,
          null,
          null,
          null,
          1,
          1,
          1,
          1,
          1,
          1,
          null,
          null,
          1,
          1,
          1,
          1,
          1,
          1,
          null,
          1,
          1,
          1,
          null,
          null,
          null,
          1,
          1,
          1,
          1,
          1,
          null,
          1,
          null,
          null,
          1,
          1,
          1,
          1,
          null,
          1,
          null,
          null,
          null,
          null
        ]
      },
      "C:/Users/JOAQUIN/Desktop/Uni/Proyecto Survival Wisdom/Survival-Wisdom/proyecto/spec/endpoints_spec.rb": {
        "lines": [
          null,
          null,
          1,
          1,
          1,
          1,
          null,
          null,
          1,
          null,
          1,
          1,
          null,
          null,
          null,
          null,
          null,
          1,
          19,
          19,
          19,
          19,
          19,
          null,
          null,
          null,
          null,
          null,
          null,
          1,
          1,
          null,
          1,
          null,
          null,
          1,
          null,
          1,
          1,
          null,
          null,
          1,
          5,
          5,
          null,
          null,
          null,
          null,
          null,
          1,
          null,
          1,
          1,
          1,
          1,
          1,
          null,
          null,
          1,
          1,
          1,
          1,
          1,
          1,
          null,
          null,
          null,
          null,
          1,
          1,
          null,
          null,
          null,
          null,
          null,
          null,
          null,
          1,
          5,
          5,
          5,
          5,
          5,
          5,
          null,
          null,
          null,
          null,
          1,
          null,
          null,
          null,
          null,
          null,
          null,
          null,
          1,
          5,
          5,
          5,
          5,
          5,
          5,
          null,
          null,
          null,
          null,
          null,
          null,
          null,
          1,
          1,
          1,
          1,
          1,
          null,
          1,
          1,
          1,
          1,
          null,
          1,
          1,
          1,
          1,
          null,
          null,
          null,
          null,
          1,
          1,
          null,
          1,
          null,
          1,
          null,
          null,
          1,
          null,
          null,
          1,
          null,
          null,
          1,
          null,
          null,
          null
        ]
      },
      "C:/Users/JOAQUIN/Desktop/Uni/Proyecto Survival Wisdom/Survival-Wisdom/proyecto/spec/game_spec.rb": {
        "lines": [
          null,
          null,
          1,
          1,
          1,
          1,
          null,
          1,
          null,
          null,
          1,
          1,
          1,
          null,
          1,
          null,
          null,
          null,
          null,
          null,
          null,
          null,
          null,
          null,
          1,
          6,
          null,
          null,
          1,
          null,
          1,
          1,
          1,
          1,
          1,
          1,
          1,
          null,
          null,
          null,
          null,
          1,
          1,
          5,
          null,
          null,
          5,
          null,
          null,
          null,
          null,
          null,
          null,
          null,
          null,
          null,
          null,
          6,
          null,
          1,
          8,
          null,
          null,
          null,
          1,
          5,
          null,
          null,
          5,
          null,
          null,
          5,
          5,
          null,
          null,
          5,
          5,
          null,
          null,
          6,
          9,
          null,
          null,
          5,
          null,
          5,
          null,
          null,
          1,
          null,
          1,
          null,
          1,
          null,
          null,
          1,
          null,
          1,
          null,
          1,
          null,
          null,
          1,
          1,
          1,
          1,
          1,
          1,
          null,
          null,
          1,
          1,
          1,
          1,
          1,
          1,
          1,
          null,
          null,
          1,
          1,
          1,
          1,
          1,
          null,
          null,
          null,
          1,
          1,
          1,
          1,
          null,
          1,
          7,
          7,
          null,
          null,
          1,
          1,
          1,
          1,
          1,
          1,
          1,
          null,
          null,
          1,
          1,
          1,
          null,
          null,
          1,
          null,
          1,
          1,
          null,
          null,
          1,
          null,
          null,
          1,
          null,
          null,
          1,
          null,
          null,
          1,
          null,
          null,
          null,
          null,
          1,
          1,
          1,
          null,
          1,
          1,
          1,
          1,
          1,
          1,
          null,
          null,
          1,
          1,
          1,
          1,
          null,
          null,
          1,
          null,
          1,
          1,
          1,
          1,
          null,
          null,
          null,
          1,
          1,
          1,
          1,
          1,
          1,
          null,
          null,
          1,
          1,
          1,
          null,
          null,
          1,
          null,
          1,
          null,
          null,
          null,
          1,
          1,
          1,
          null,
          null,
          1,
          null,
          null,
          null,
          null,
          null,
          null,
          null,
          null,
          null,
          null,
          null,
          1,
          1,
          1,
          1,
          null,
          1,
          1,
          1,
          1,
          null,
          null,
          null,
          1,
          1,
          null,
          1,
          null,
          1,
          null,
          null,
          1,
          1,
          null,
          null,
          1,
          null,
          null,
          null,
          1,
          1,
          1,
          null,
          1,
          1,
          1,
          1,
          null,
          null,
          1,
          1,
          null,
          null,
          null,
          null,
          null,
          1,
          1,
          2,
          null,
          null,
          1,
          1,
          null,
          1,
          null,
          null,
          null,
          null,
          null,
          null,
          null,
          null,
          null,
          1,
          1,
          null,
          null,
          null,
          null,
          1,
          1,
          1,
          1,
          null,
          null,
          1,
          null,
          1,
          null,
          null,
          null
        ]
      },
      "C:/Users/JOAQUIN/Desktop/Uni/Proyecto Survival Wisdom/Survival-Wisdom/proyecto/spec/test_spec.rb": {
        "lines": [
          null,
          null,
          1,
          null,
          1,
          1,
          1,
          1,
          1,
          1,
          1,
          1,
          1,
          null,
          null,
          null,
          null,
          null,
          null,
          null,
          null,
          null
        ]
      }
    },
    "timestamp": 1730682726
  }
}
